[2024-12-08 19:55:54] Starting dYdX wallet creation...
[2024-12-08 19:55:54] Loading dYdX config...
[2024-12-08 19:55:54] Failed to load dYdX config: No such file or directory (os error 2)
[2024-12-08 19:57:34] Starting dYdX wallet creation...
[2024-12-08 19:57:34] Loading dYdX config...
[2024-12-08 19:57:34] Successfully loaded dYdX config
[2024-12-08 19:57:34] Generating new mnemonic...
[2024-12-08 19:57:34] Creating dYdX wallet from mnemonic...
[2024-12-08 19:57:34] Successfully created dYdX wallet
[2024-12-08 19:57:34] Connecting to dYdX node...
[2024-12-08 19:57:34] Successfully connected to dYdX node
[2024-12-08 19:57:34] Saving wallet data...
[2024-12-08 19:57:34] Successfully saved wallet data
[2024-12-08 19:57:34] Mnemonic phrase: boat basic humble blade agree seminar captain pill survey tree fiber vault fiscal album vague then you goat slide exotic orbit select regular found
[2024-12-08 19:57:34] dYdX wallet creation completed successfully
[2024-12-08 20:06:52] Starting dYdX wallet creation...
[2024-12-08 20:06:52] Loading dYdX config...
[2024-12-08 20:06:52] Successfully loaded dYdX config
[2024-12-08 20:06:52] Generating new mnemonic...
[2024-12-08 20:06:52] Creating dYdX wallet from mnemonic...
[2024-12-08 20:06:52] Successfully created dYdX wallet
[2024-12-08 20:06:52] Connecting to dYdX node...
[2024-12-08 20:06:52] Successfully connected to dYdX node
[2024-12-08 20:06:52] Saving wallet data...
[2024-12-08 20:06:52] Successfully saved wallet data
[2024-12-08 20:06:52] Mnemonic phrase: reunion airport hire obscure awesome dice budget type post slow quarter helmet whip tilt possible bind mule skull check shadow aware pluck onion warfare
[2024-12-08 20:06:52] dYdX wallet creation completed successfully
[2024-12-08 20:10:31] Starting dYdX wallet creation...
[2024-12-08 20:10:31] Loading dYdX config...
[2024-12-08 20:10:31] Successfully loaded dYdX config
[2024-12-08 20:10:31] Generating new mnemonic...
[2024-12-08 20:10:31] Creating dYdX wallet from mnemonic...
[2024-12-08 20:10:31] Successfully created dYdX wallet
[2024-12-08 20:10:31] Connecting to dYdX node...
[2024-12-08 20:10:31] Successfully connected to dYdX node
[2024-12-08 20:10:31] Saving wallet data...
[2024-12-08 20:10:31] Successfully saved wallet data
[2024-12-08 20:10:31] Mnemonic phrase: boss glow quality august nest banana tray seven prepare avocado trend grape dream relief zone damp vague rural deer account smoke rookie entire about
[2024-12-08 20:10:31] dYdX wallet creation completed successfully
[2024-12-08 20:11:12] Starting dYdX wallet creation...
[2024-12-08 20:11:12] Loading dYdX config...
[2024-12-08 20:11:12] Successfully loaded dYdX config
[2024-12-08 20:11:12] Generating new mnemonic...
[2024-12-08 20:11:12] Creating dYdX wallet from mnemonic...
[2024-12-08 20:11:12] Successfully created dYdX wallet
[2024-12-08 20:11:12] Connecting to dYdX node...
[2024-12-08 20:11:12] Successfully connected to dYdX node
[2024-12-08 20:11:12] Saving wallet data...
[2024-12-08 20:11:12] Successfully saved wallet data
[2024-12-08 20:11:12] Mnemonic phrase: anger flavor bundle wild army globe dragon retire sight hammer pony blue soldier slim hard profit cave wrong hollow ribbon suggest way because narrow
[2024-12-08 20:11:12] dYdX wallet creation completed successfully
[2024-12-08 20:14:03] Starting dYdX wallet creation...
[2024-12-08 20:14:03] Loading dYdX config...
[2024-12-08 20:14:03] Successfully loaded dYdX config
[2024-12-08 20:14:03] Generating new mnemonic...
[2024-12-08 20:14:03] Creating dYdX wallet from mnemonic...
[2024-12-08 20:14:03] Successfully created dYdX wallet
[2024-12-08 20:14:03] Connecting to dYdX node...
[2024-12-08 20:14:03] Successfully connected to dYdX node
[2024-12-08 20:14:03] Saving wallet data...
[2024-12-08 20:14:03] Successfully saved wallet data
[2024-12-08 20:14:03] Mnemonic phrase: stumble carbon material card melody horse uphold smile document allow vendor anger goddess like expand still student saddle laugh crater gospel glove make permit
[2024-12-08 20:14:03] dYdX wallet creation completed successfully
