2024-12-10T14:23:26.414716Z ERROR ThreadId(09) /home/dudi/.cargo/registry/src/index.crates.io-6f17d22bba15001f/dydx-0.1.1/src/indexer/sock/connector.rs:162: WebSocket protocol failure: channel closed    
2024-12-10T14:23:26.415227Z ERROR ThreadId(09) /home/dudi/.cargo/registry/src/index.crates.io-6f17d22bba15001f/dydx-0.1.1/src/indexer/sock/connector.rs:162: WebSocket protocol failure: channel closed    
2024-12-10T14:23:26.415473Z ERROR ThreadId(09) /home/dudi/.cargo/registry/src/index.crates.io-6f17d22bba15001f/dydx-0.1.1/src/indexer/sock/connector.rs:162: WebSocket protocol failure: channel closed    
2024-12-10T14:23:26.415647Z ERROR ThreadId(09) /home/dudi/.cargo/registry/src/index.crates.io-6f17d22bba15001f/dydx-0.1.1/src/indexer/sock/connector.rs:162: WebSocket protocol failure: channel closed    
2024-12-10T14:24:03.529655Z ERROR ThreadId(01) src/trading/dydx_service.rs:122: Order placement attempt 1 failed: ClientError(General(status: Unknown, message: "h2 protocol error: http2 error", details: [], metadata: MetadataMap { headers: {} }

Caused by:
    0: transport error
    1: http2 error
    2: connection error detected: frame with invalid size))
2024-12-10T14:24:06.735143Z ERROR ThreadId(01) src/trading/dydx_service.rs:122: Order placement attempt 2 failed: ClientError(General(status: Unknown, message: "h2 protocol error: http2 error", details: [], metadata: MetadataMap { headers: {} }

Caused by:
    0: transport error
    1: http2 error
    2: connection error detected: frame with invalid size))
2024-12-10T14:24:09.840595Z ERROR ThreadId(01) src/trading/dydx_service.rs:122: Order placement attempt 3 failed: ClientError(General(status: Unknown, message: "h2 protocol error: http2 error", details: [], metadata: MetadataMap { headers: {} }

Caused by:
    0: transport error
    1: http2 error
    2: connection error detected: frame with invalid size))
2024-12-10T14:26:54.970110Z ERROR ThreadId(05) /home/dudi/.cargo/registry/src/index.crates.io-6f17d22bba15001f/dydx-0.1.1/src/indexer/sock/connector.rs:162: WebSocket protocol failure: Subscription Orders(Ticker("BTC-USD")) is not found!    
2024-12-10T14:27:06.130220Z ERROR ThreadId(09) /home/dudi/.cargo/registry/src/index.crates.io-6f17d22bba15001f/dydx-0.1.1/src/indexer/sock/connector.rs:162: WebSocket protocol failure: channel closed    
2024-12-10T14:27:20.699317Z ERROR ThreadId(04) /home/dudi/.cargo/registry/src/index.crates.io-6f17d22bba15001f/dydx-0.1.1/src/indexer/sock/connector.rs:162: WebSocket protocol failure: Subscription Orders(Ticker("BTC-USD")) is not found!    
2024-12-10T14:27:20.699537Z ERROR ThreadId(04) /home/dudi/.cargo/registry/src/index.crates.io-6f17d22bba15001f/dydx-0.1.1/src/indexer/sock/connector.rs:162: WebSocket protocol failure: Subscription Orders(Ticker("BTC-USD")) is not found!    
2024-12-10T14:28:05.522147Z ERROR ThreadId(12) /home/dudi/.cargo/registry/src/index.crates.io-6f17d22bba15001f/dydx-0.1.1/src/indexer/sock/connector.rs:162: WebSocket protocol failure: channel closed    
2024-12-10T14:28:05.522337Z ERROR ThreadId(12) /home/dudi/.cargo/registry/src/index.crates.io-6f17d22bba15001f/dydx-0.1.1/src/indexer/sock/connector.rs:162: WebSocket protocol failure: channel closed    
2024-12-10T14:28:33.385507Z ERROR ThreadId(06) /home/dudi/.cargo/registry/src/index.crates.io-6f17d22bba15001f/dydx-0.1.1/src/indexer/sock/mod.rs:66: Failed sending control Terminate to WebSocket connector: channel closed    
2024-12-10T14:31:01.495637Z ERROR ThreadId(11) /home/dudi/.cargo/registry/src/index.crates.io-6f17d22bba15001f/dydx-0.1.1/src/indexer/sock/connector.rs:162: WebSocket protocol failure: channel closed    
2024-12-10T14:31:15.529308Z ERROR ThreadId(13) /home/dudi/.cargo/registry/src/index.crates.io-6f17d22bba15001f/dydx-0.1.1/src/indexer/sock/connector.rs:162: WebSocket protocol failure: channel closed    
2024-12-10T14:31:29.998561Z ERROR ThreadId(10) /home/dudi/.cargo/registry/src/index.crates.io-6f17d22bba15001f/dydx-0.1.1/src/indexer/sock/connector.rs:162: WebSocket protocol failure: channel closed    
2024-12-10T14:31:29.998825Z ERROR ThreadId(10) /home/dudi/.cargo/registry/src/index.crates.io-6f17d22bba15001f/dydx-0.1.1/src/indexer/sock/connector.rs:162: WebSocket protocol failure: channel closed    
2024-12-10T14:32:42.171439Z ERROR ThreadId(01) src/trading/dydx_service.rs:122: Order placement attempt 1 failed: ClientError(General(status: Unknown, message: "h2 protocol error: http2 error", details: [], metadata: MetadataMap { headers: {} }

Caused by:
    0: transport error
    1: http2 error
    2: connection error detected: frame with invalid size))
2024-12-10T14:32:46.645257Z ERROR ThreadId(01) src/trading/dydx_service.rs:122: Order placement attempt 2 failed: ClientError(General(status: Unknown, message: "h2 protocol error: http2 error", details: [], metadata: MetadataMap { headers: {} }

Caused by:
    0: transport error
    1: http2 error
    2: connection error detected: frame with invalid size))
2024-12-10T14:32:50.351129Z ERROR ThreadId(01) src/trading/dydx_service.rs:122: Order placement attempt 3 failed: ClientError(General(status: Unknown, message: "h2 protocol error: http2 error", details: [], metadata: MetadataMap { headers: {} }

Caused by:
    0: transport error
    1: http2 error
    2: connection error detected: frame with invalid size))
2024-12-10T14:33:25.001252Z ERROR ThreadId(02) /home/dudi/.cargo/registry/src/index.crates.io-6f17d22bba15001f/dydx-0.1.1/src/indexer/sock/connector.rs:162: WebSocket protocol failure: Subscription Orders(Ticker("BTC-USD")) is not found!    
2024-12-10T14:33:25.001751Z ERROR ThreadId(02) /home/dudi/.cargo/registry/src/index.crates.io-6f17d22bba15001f/dydx-0.1.1/src/indexer/sock/connector.rs:162: WebSocket protocol failure: Subscription Orders(Ticker("BTC-USD")) is not found!    
2024-12-10T14:33:25.002111Z ERROR ThreadId(02) /home/dudi/.cargo/registry/src/index.crates.io-6f17d22bba15001f/dydx-0.1.1/src/indexer/sock/connector.rs:162: WebSocket protocol failure: Subscription Orders(Ticker("BTC-USD")) is not found!    
2024-12-10T14:33:25.002248Z ERROR ThreadId(02) /home/dudi/.cargo/registry/src/index.crates.io-6f17d22bba15001f/dydx-0.1.1/src/indexer/sock/connector.rs:162: WebSocket protocol failure: Subscription Orders(Ticker("BTC-USD")) is not found!    
2024-12-10T14:33:25.002339Z ERROR ThreadId(02) /home/dudi/.cargo/registry/src/index.crates.io-6f17d22bba15001f/dydx-0.1.1/src/indexer/sock/connector.rs:162: WebSocket protocol failure: Subscription Orders(Ticker("BTC-USD")) is not found!    
2024-12-10T14:33:25.002456Z ERROR ThreadId(02) /home/dudi/.cargo/registry/src/index.crates.io-6f17d22bba15001f/dydx-0.1.1/src/indexer/sock/connector.rs:162: WebSocket protocol failure: Subscription Orders(Ticker("BTC-USD")) is not found!    
2024-12-10T14:33:25.002587Z ERROR ThreadId(02) /home/dudi/.cargo/registry/src/index.crates.io-6f17d22bba15001f/dydx-0.1.1/src/indexer/sock/connector.rs:162: WebSocket protocol failure: Subscription Orders(Ticker("BTC-USD")) is not found!    
2024-12-10T14:33:25.002715Z ERROR ThreadId(02) /home/dudi/.cargo/registry/src/index.crates.io-6f17d22bba15001f/dydx-0.1.1/src/indexer/sock/connector.rs:162: WebSocket protocol failure: Subscription Orders(Ticker("BTC-USD")) is not found!    
2024-12-10T14:33:29.078490Z ERROR ThreadId(02) /home/dudi/.cargo/registry/src/index.crates.io-6f17d22bba15001f/dydx-0.1.1/src/indexer/sock/connector.rs:162: WebSocket protocol failure: channel closed    
2024-12-10T14:34:53.845081Z ERROR ThreadId(04) /home/dudi/.cargo/registry/src/index.crates.io-6f17d22bba15001f/dydx-0.1.1/src/indexer/sock/connector.rs:162: WebSocket protocol failure: Subscription Orders(Ticker("BTC-USD")) is not found!    
2024-12-10T14:35:09.991648Z ERROR ThreadId(07) /home/dudi/.cargo/registry/src/index.crates.io-6f17d22bba15001f/dydx-0.1.1/src/indexer/sock/connector.rs:162: WebSocket protocol failure: Subscription Orders(Ticker("BTC-USD")) is not found!    
2024-12-10T14:35:09.992090Z ERROR ThreadId(07) /home/dudi/.cargo/registry/src/index.crates.io-6f17d22bba15001f/dydx-0.1.1/src/indexer/sock/connector.rs:162: WebSocket protocol failure: Subscription Orders(Ticker("BTC-USD")) is not found!    
2024-12-10T14:41:54.795500Z ERROR ThreadId(10) /home/dudi/.cargo/registry/src/index.crates.io-6f17d22bba15001f/dydx-0.1.1/src/indexer/sock/connector.rs:162: WebSocket protocol failure: channel closed    
2024-12-10T14:43:20.269274Z ERROR ThreadId(01) src/trading/dydx_service.rs:122: Order placement attempt 1 failed: ClientError(General(status: Unknown, message: "h2 protocol error: http2 error", details: [], metadata: MetadataMap { headers: {} }

Caused by:
    0: transport error
    1: http2 error
    2: connection error detected: frame with invalid size))
2024-12-10T14:43:23.409939Z ERROR ThreadId(01) src/trading/dydx_service.rs:122: Order placement attempt 2 failed: ClientError(General(status: Unknown, message: "h2 protocol error: http2 error", details: [], metadata: MetadataMap { headers: {} }

Caused by:
    0: transport error
    1: http2 error
    2: connection error detected: frame with invalid size))
2024-12-10T14:43:26.789210Z ERROR ThreadId(01) src/trading/dydx_service.rs:122: Order placement attempt 3 failed: ClientError(General(status: Unknown, message: "h2 protocol error: http2 error", details: [], metadata: MetadataMap { headers: {} }

Caused by:
    0: transport error
    1: http2 error
    2: connection error detected: frame with invalid size))
2024-12-10T14:51:33.552050Z ERROR ThreadId(12) /home/dudi/.cargo/registry/src/index.crates.io-6f17d22bba15001f/dydx-0.1.1/src/indexer/sock/connector.rs:162: WebSocket protocol failure: Subscription Orders(Ticker("BTC-USD")) is not found!    
2024-12-10T14:51:33.552295Z ERROR ThreadId(12) /home/dudi/.cargo/registry/src/index.crates.io-6f17d22bba15001f/dydx-0.1.1/src/indexer/sock/connector.rs:162: WebSocket protocol failure: Subscription Orders(Ticker("BTC-USD")) is not found!    
2024-12-10T14:52:17.721935Z ERROR ThreadId(05) /home/dudi/.cargo/registry/src/index.crates.io-6f17d22bba15001f/dydx-0.1.1/src/indexer/sock/mod.rs:66: Failed sending control Terminate to WebSocket connector: channel closed    
2024-12-10T14:58:34.631896Z ERROR ThreadId(11) /home/dudi/.cargo/registry/src/index.crates.io-6f17d22bba15001f/dydx-0.1.1/src/indexer/sock/mod.rs:66: Failed sending control Terminate to WebSocket connector: channel closed    
2024-12-10T14:59:58.997941Z ERROR ThreadId(11) /home/dudi/.cargo/registry/src/index.crates.io-6f17d22bba15001f/dydx-0.1.1/src/indexer/sock/connector.rs:162: WebSocket protocol failure: channel closed    
2024-12-10T14:59:58.998323Z ERROR ThreadId(11) /home/dudi/.cargo/registry/src/index.crates.io-6f17d22bba15001f/dydx-0.1.1/src/indexer/sock/connector.rs:162: WebSocket protocol failure: channel closed    
2024-12-10T14:59:58.998809Z ERROR ThreadId(11) /home/dudi/.cargo/registry/src/index.crates.io-6f17d22bba15001f/dydx-0.1.1/src/indexer/sock/connector.rs:162: WebSocket protocol failure: Subscription Orders(Ticker("BTC-USD")) is not found!    
2024-12-10T15:00:11.755248Z ERROR ThreadId(06) /home/dudi/.cargo/registry/src/index.crates.io-6f17d22bba15001f/dydx-0.1.1/src/indexer/sock/mod.rs:66: Failed sending control Terminate to WebSocket connector: channel closed    
2024-12-10T15:04:16.511154Z ERROR ThreadId(10) /home/dudi/.cargo/registry/src/index.crates.io-6f17d22bba15001f/dydx-0.1.1/src/indexer/sock/connector.rs:162: WebSocket protocol failure: channel closed    
2024-12-10T15:04:16.511678Z ERROR ThreadId(10) /home/dudi/.cargo/registry/src/index.crates.io-6f17d22bba15001f/dydx-0.1.1/src/indexer/sock/connector.rs:162: WebSocket protocol failure: channel closed    
2024-12-10T15:04:16.512034Z ERROR ThreadId(10) /home/dudi/.cargo/registry/src/index.crates.io-6f17d22bba15001f/dydx-0.1.1/src/indexer/sock/connector.rs:162: WebSocket protocol failure: Subscription Orders(Ticker("BTC-USD")) is not found!    
2024-12-10T15:06:22.026907Z ERROR ThreadId(12) /home/dudi/.cargo/registry/src/index.crates.io-6f17d22bba15001f/dydx-0.1.1/src/indexer/sock/mod.rs:66: Failed sending control Terminate to WebSocket connector: channel closed    
2024-12-10T15:12:37.727067Z ERROR ThreadId(07) /home/dudi/.cargo/registry/src/index.crates.io-6f17d22bba15001f/dydx-0.1.1/src/indexer/sock/connector.rs:162: WebSocket protocol failure: channel closed    
2024-12-10T15:12:37.727643Z ERROR ThreadId(07) /home/dudi/.cargo/registry/src/index.crates.io-6f17d22bba15001f/dydx-0.1.1/src/indexer/sock/connector.rs:162: WebSocket protocol failure: Subscription Orders(Ticker("BTC-USD")) is not found!    
2024-12-10T15:12:48.187823Z ERROR ThreadId(13) /home/dudi/.cargo/registry/src/index.crates.io-6f17d22bba15001f/dydx-0.1.1/src/indexer/sock/connector.rs:162: WebSocket protocol failure: channel closed    
2024-12-10T15:43:26.333775Z ERROR ThreadId(02) /home/dudi/.cargo/registry/src/index.crates.io-6f17d22bba15001f/dydx-0.1.1/src/indexer/sock/mod.rs:66: Failed sending control Terminate to WebSocket connector: channel closed    
2024-12-10T15:50:22.418283Z ERROR ThreadId(10) /home/dudi/.cargo/registry/src/index.crates.io-6f17d22bba15001f/dydx-0.1.1/src/indexer/sock/connector.rs:162: WebSocket protocol failure: Subscription Orders(Ticker("BTC-USD")) is not found!    
2024-12-10T15:50:22.418461Z ERROR ThreadId(10) /home/dudi/.cargo/registry/src/index.crates.io-6f17d22bba15001f/dydx-0.1.1/src/indexer/sock/connector.rs:162: WebSocket protocol failure: Subscription Orders(Ticker("BTC-USD")) is not found!    
2024-12-10T15:52:39.002455Z ERROR ThreadId(11) /home/dudi/.cargo/registry/src/index.crates.io-6f17d22bba15001f/dydx-0.1.1/src/indexer/sock/connector.rs:162: WebSocket protocol failure: channel closed    
2024-12-10T15:52:39.002786Z ERROR ThreadId(11) /home/dudi/.cargo/registry/src/index.crates.io-6f17d22bba15001f/dydx-0.1.1/src/indexer/sock/connector.rs:162: WebSocket protocol failure: channel closed    
2024-12-10T15:54:41.050866Z ERROR ThreadId(12) /home/dudi/.cargo/registry/src/index.crates.io-6f17d22bba15001f/dydx-0.1.1/src/indexer/sock/connector.rs:162: WebSocket protocol failure: channel closed    
2024-12-10T15:54:41.051900Z ERROR ThreadId(12) /home/dudi/.cargo/registry/src/index.crates.io-6f17d22bba15001f/dydx-0.1.1/src/indexer/sock/connector.rs:162: WebSocket protocol failure: Subscription Orders(Ticker("BTC-USD")) is not found!    
2024-12-10T15:54:41.052067Z ERROR ThreadId(12) /home/dudi/.cargo/registry/src/index.crates.io-6f17d22bba15001f/dydx-0.1.1/src/indexer/sock/connector.rs:162: WebSocket protocol failure: Subscription Orders(Ticker("BTC-USD")) is not found!    
2024-12-10T16:00:24.988615Z ERROR ThreadId(01) src/trading/dydx_service.rs:122: Order placement attempt 1 failed: IndexerError(status: Unknown, message: "h2 protocol error: http2 error", details: [], metadata: MetadataMap { headers: {} }

Caused by:
    0: transport error
    1: http2 error
    2: connection error detected: frame with invalid size)
